<?xml version="1.0" encoding="UTF-8"?>
<!-- Generated by org.testng.reporters.JUnitXMLReporter -->
<testsuite ignored="0" hostname="IXEDLAP00809" failures="0" tests="3" name="Default test" time="0.045" errors="0" timestamp="2024-04-16T13:08:28 IST">
  <testcase classname="TestNgTutorials.TestNgTutorials.attributesInTestNG.InvocationCountAttribute" name="testMethod" time="0.007"/>
  <testcase classname="TestNgTutorials.TestNgTutorials.attributesInTestNG.InvocationCountAttribute" name="testMethod" time="0.001"/>
  <testcase classname="TestNgTutorials.TestNgTutorials.attributesInTestNG.InvocationCountAttribute" name="testMethod" time="0.001"/>
</testsuite> <!-- Default test -->
