<?xml version="1.0" encoding="UTF-8"?>
<!-- Generated by org.testng.reporters.JUnitXMLReporter -->
<testsuite ignored="0" hostname="IXEDLAP00809" failures="0" tests="2" name="Default test" time="0.058" errors="0" timestamp="2024-04-16T07:28:17 IST">
  <testcase classname="TestNgTutorials.TestNgTutorials.configurationAnnotations.TestAnnotations_Class" name="test3_BootstrapListBox" time="0.005"/>
  <testcase classname="TestNgTutorials.TestNgTutorials.configurationAnnotations.TestAnnotations_Class" name="test4_JQueryListBox" time="0.001"/>
</testsuite> <!-- Default test -->
