<?xml version="1.0" encoding="UTF-8"?>
<!-- Generated by org.testng.reporters.JUnitXMLReporter -->
<testsuite ignored="1" hostname="IXEDLAP00809" failures="0" tests="19" name="Test" time="0.077" errors="0" timestamp="2024-04-18T07:11:45 IST">
  <testcase classname="TestNgTutorials.TestNgTutorials.attributesInTestNG.GroupsAttributes" name="methodTest11" time="0.006"/>
  <testcase classname="TestNgTutorials.TestNgTutorials.attributesInTestNG.GroupsAttributes" name="methodTest12" time="0.001"/>
  <testcase classname="TestNgTutorials.TestNgTutorials.attributesInTestNG.GroupsAttributes" name="methodTest13" time="0.0"/>
  <testcase classname="TestNgTutorials.TestNgTutorials.attributesInTestNG.GroupsAttributes" name="methodTest14" time="0.001"/>
  <testcase classname="TestNgTutorials.TestNgTutorials.attributesInTestNG.GroupsAttributes" name="methodTest15" time="0.001"/>
  <testcase classname="TestNgTutorials.TestNgTutorials.attributesInTestNG.GroupsAttributes" name="methodTest16" time="0.001"/>
  <testcase classname="TestNgTutorials.TestNgTutorials.attributesInTestNG.GroupsAttributes" name="methodTest17" time="0.001"/>
  <testcase classname="TestNgTutorials.TestNgTutorials.attributesInTestNG.GroupsAttributes" name="methodTest18" time="0.001"/>
  <testcase classname="TestNgTutorials.TestNgTutorials.attributesInTestNG.GroupsAttributes" name="methodTest19" time="0.001"/>
  <testcase classname="TestNgTutorials.TestNgTutorials.attributesInTestNG.GroupsAttributes" name="methodTest20" time="0.0"/>
  <testcase classname="TestNgTutorials.TestNgTutorials.attributesInTestNG.GroupsAttribute" name="methodTest10" time="0.001"/>
  <testcase classname="TestNgTutorials.TestNgTutorials.attributesInTestNG.GroupsAttribute" name="methodTest2" time="0.001"/>
  <testcase classname="TestNgTutorials.TestNgTutorials.attributesInTestNG.GroupsAttribute" name="methodTest3" time="0.002"/>
  <testcase classname="TestNgTutorials.TestNgTutorials.attributesInTestNG.GroupsAttribute" name="methodTest4" time="0.001"/>
  <testcase classname="TestNgTutorials.TestNgTutorials.attributesInTestNG.GroupsAttribute" name="methodTest5" time="0.001"/>
  <testcase classname="TestNgTutorials.TestNgTutorials.attributesInTestNG.GroupsAttribute" name="methodTest6" time="0.002"/>
  <testcase classname="TestNgTutorials.TestNgTutorials.attributesInTestNG.GroupsAttribute" name="methodTest7" time="0.001"/>
  <testcase classname="TestNgTutorials.TestNgTutorials.attributesInTestNG.GroupsAttribute" name="methodTest8" time="0.0"/>
  <testcase classname="TestNgTutorials.TestNgTutorials.attributesInTestNG.GroupsAttribute" name="methodTest9" time="0.002"/>
  <testcase classname="TestNgTutorials.TestNgTutorials.attributesInTestNG.GroupsAttribute" name="methodTest1" time="0.0">
    <ignored/>
  </testcase> <!-- methodTest1 -->
</testsuite> <!-- Test -->
