<?xml version="1.0" encoding="UTF-8"?>
<testng-results ignored="0" total="10" passed="10" failed="0" skipped="0">
  <reporter-output>
  </reporter-output>
  <suite started-at="2024-04-18T07:37:48 IST" name="Suite" finished-at="2024-04-18T07:37:48 IST" duration-ms="75">
    <groups>
      <group name="all">
        <method signature="GroupAttributeAtClassLevel.methodTest1()[pri:0, instance:TestNgTutorials.TestNgTutorials.attributesInTestNG.GroupAttributeAtClassLevel@402bba4f]" name="methodTest1" class="TestNgTutorials.TestNgTutorials.attributesInTestNG.GroupAttributeAtClassLevel"/>
        <method signature="GroupAttributeAtClassLevel.methodTest10()[pri:0, instance:TestNgTutorials.TestNgTutorials.attributesInTestNG.GroupAttributeAtClassLevel@402bba4f]" name="methodTest10" class="TestNgTutorials.TestNgTutorials.attributesInTestNG.GroupAttributeAtClassLevel"/>
        <method signature="GroupAttributeAtClassLevel.methodTest2()[pri:0, instance:TestNgTutorials.TestNgTutorials.attributesInTestNG.GroupAttributeAtClassLevel@402bba4f]" name="methodTest2" class="TestNgTutorials.TestNgTutorials.attributesInTestNG.GroupAttributeAtClassLevel"/>
        <method signature="GroupAttributeAtClassLevel.methodTest3()[pri:0, instance:TestNgTutorials.TestNgTutorials.attributesInTestNG.GroupAttributeAtClassLevel@402bba4f]" name="methodTest3" class="TestNgTutorials.TestNgTutorials.attributesInTestNG.GroupAttributeAtClassLevel"/>
        <method signature="GroupAttributeAtClassLevel.methodTest4()[pri:0, instance:TestNgTutorials.TestNgTutorials.attributesInTestNG.GroupAttributeAtClassLevel@402bba4f]" name="methodTest4" class="TestNgTutorials.TestNgTutorials.attributesInTestNG.GroupAttributeAtClassLevel"/>
        <method signature="GroupAttributeAtClassLevel.methodTest5()[pri:0, instance:TestNgTutorials.TestNgTutorials.attributesInTestNG.GroupAttributeAtClassLevel@402bba4f]" name="methodTest5" class="TestNgTutorials.TestNgTutorials.attributesInTestNG.GroupAttributeAtClassLevel"/>
        <method signature="GroupAttributeAtClassLevel.methodTest6()[pri:0, instance:TestNgTutorials.TestNgTutorials.attributesInTestNG.GroupAttributeAtClassLevel@402bba4f]" name="methodTest6" class="TestNgTutorials.TestNgTutorials.attributesInTestNG.GroupAttributeAtClassLevel"/>
        <method signature="GroupAttributeAtClassLevel.methodTest7()[pri:0, instance:TestNgTutorials.TestNgTutorials.attributesInTestNG.GroupAttributeAtClassLevel@402bba4f]" name="methodTest7" class="TestNgTutorials.TestNgTutorials.attributesInTestNG.GroupAttributeAtClassLevel"/>
        <method signature="GroupAttributeAtClassLevel.methodTest8()[pri:0, instance:TestNgTutorials.TestNgTutorials.attributesInTestNG.GroupAttributeAtClassLevel@402bba4f]" name="methodTest8" class="TestNgTutorials.TestNgTutorials.attributesInTestNG.GroupAttributeAtClassLevel"/>
        <method signature="GroupAttributeAtClassLevel.methodTest9()[pri:0, instance:TestNgTutorials.TestNgTutorials.attributesInTestNG.GroupAttributeAtClassLevel@402bba4f]" name="methodTest9" class="TestNgTutorials.TestNgTutorials.attributesInTestNG.GroupAttributeAtClassLevel"/>
      </group> <!-- all -->
      <group name="functional">
        <method signature="GroupAttributeAtClassLevel.methodTest10()[pri:0, instance:TestNgTutorials.TestNgTutorials.attributesInTestNG.GroupAttributeAtClassLevel@402bba4f]" name="methodTest10" class="TestNgTutorials.TestNgTutorials.attributesInTestNG.GroupAttributeAtClassLevel"/>
        <method signature="GroupAttributeAtClassLevel.methodTest2()[pri:0, instance:TestNgTutorials.TestNgTutorials.attributesInTestNG.GroupAttributeAtClassLevel@402bba4f]" name="methodTest2" class="TestNgTutorials.TestNgTutorials.attributesInTestNG.GroupAttributeAtClassLevel"/>
        <method signature="GroupAttributeAtClassLevel.methodTest4()[pri:0, instance:TestNgTutorials.TestNgTutorials.attributesInTestNG.GroupAttributeAtClassLevel@402bba4f]" name="methodTest4" class="TestNgTutorials.TestNgTutorials.attributesInTestNG.GroupAttributeAtClassLevel"/>
      </group> <!-- functional -->
      <group name="regression">
        <method signature="GroupAttributeAtClassLevel.methodTest1()[pri:0, instance:TestNgTutorials.TestNgTutorials.attributesInTestNG.GroupAttributeAtClassLevel@402bba4f]" name="methodTest1" class="TestNgTutorials.TestNgTutorials.attributesInTestNG.GroupAttributeAtClassLevel"/>
      </group> <!-- regression -->
      <group name="sanity">
        <method signature="GroupAttributeAtClassLevel.methodTest3()[pri:0, instance:TestNgTutorials.TestNgTutorials.attributesInTestNG.GroupAttributeAtClassLevel@402bba4f]" name="methodTest3" class="TestNgTutorials.TestNgTutorials.attributesInTestNG.GroupAttributeAtClassLevel"/>
        <method signature="GroupAttributeAtClassLevel.methodTest5()[pri:0, instance:TestNgTutorials.TestNgTutorials.attributesInTestNG.GroupAttributeAtClassLevel@402bba4f]" name="methodTest5" class="TestNgTutorials.TestNgTutorials.attributesInTestNG.GroupAttributeAtClassLevel"/>
        <method signature="GroupAttributeAtClassLevel.methodTest6()[pri:0, instance:TestNgTutorials.TestNgTutorials.attributesInTestNG.GroupAttributeAtClassLevel@402bba4f]" name="methodTest6" class="TestNgTutorials.TestNgTutorials.attributesInTestNG.GroupAttributeAtClassLevel"/>
        <method signature="GroupAttributeAtClassLevel.methodTest7()[pri:0, instance:TestNgTutorials.TestNgTutorials.attributesInTestNG.GroupAttributeAtClassLevel@402bba4f]" name="methodTest7" class="TestNgTutorials.TestNgTutorials.attributesInTestNG.GroupAttributeAtClassLevel"/>
        <method signature="GroupAttributeAtClassLevel.methodTest8()[pri:0, instance:TestNgTutorials.TestNgTutorials.attributesInTestNG.GroupAttributeAtClassLevel@402bba4f]" name="methodTest8" class="TestNgTutorials.TestNgTutorials.attributesInTestNG.GroupAttributeAtClassLevel"/>
        <method signature="GroupAttributeAtClassLevel.methodTest9()[pri:0, instance:TestNgTutorials.TestNgTutorials.attributesInTestNG.GroupAttributeAtClassLevel@402bba4f]" name="methodTest9" class="TestNgTutorials.TestNgTutorials.attributesInTestNG.GroupAttributeAtClassLevel"/>
      </group> <!-- sanity -->
    </groups>
    <test started-at="2024-04-18T07:37:48 IST" name="Test" finished-at="2024-04-18T07:37:48 IST" duration-ms="75">
      <class name="TestNgTutorials.TestNgTutorials.attributesInTestNG.GroupAttributeAtClassLevel">
        <test-method signature="methodTest1()[pri:0, instance:TestNgTutorials.TestNgTutorials.attributesInTestNG.GroupAttributeAtClassLevel@402bba4f]" started-at="2024-04-18T07:37:48 IST" name="methodTest1" finished-at="2024-04-18T07:37:48 IST" duration-ms="6" status="PASS">
          <reporter-output>
          </reporter-output>
        </test-method> <!-- methodTest1 -->
        <test-method signature="methodTest10()[pri:0, instance:TestNgTutorials.TestNgTutorials.attributesInTestNG.GroupAttributeAtClassLevel@402bba4f]" started-at="2024-04-18T07:37:48 IST" name="methodTest10" finished-at="2024-04-18T07:37:48 IST" duration-ms="1" status="PASS">
          <reporter-output>
          </reporter-output>
        </test-method> <!-- methodTest10 -->
        <test-method signature="methodTest2()[pri:0, instance:TestNgTutorials.TestNgTutorials.attributesInTestNG.GroupAttributeAtClassLevel@402bba4f]" started-at="2024-04-18T07:37:48 IST" name="methodTest2" finished-at="2024-04-18T07:37:48 IST" duration-ms="1" status="PASS">
          <reporter-output>
          </reporter-output>
        </test-method> <!-- methodTest2 -->
        <test-method signature="methodTest3()[pri:0, instance:TestNgTutorials.TestNgTutorials.attributesInTestNG.GroupAttributeAtClassLevel@402bba4f]" started-at="2024-04-18T07:37:48 IST" name="methodTest3" finished-at="2024-04-18T07:37:48 IST" duration-ms="1" status="PASS">
          <reporter-output>
          </reporter-output>
        </test-method> <!-- methodTest3 -->
        <test-method signature="methodTest4()[pri:0, instance:TestNgTutorials.TestNgTutorials.attributesInTestNG.GroupAttributeAtClassLevel@402bba4f]" started-at="2024-04-18T07:37:48 IST" name="methodTest4" finished-at="2024-04-18T07:37:48 IST" duration-ms="1" status="PASS">
          <reporter-output>
          </reporter-output>
        </test-method> <!-- methodTest4 -->
        <test-method signature="methodTest5()[pri:0, instance:TestNgTutorials.TestNgTutorials.attributesInTestNG.GroupAttributeAtClassLevel@402bba4f]" started-at="2024-04-18T07:37:48 IST" name="methodTest5" finished-at="2024-04-18T07:37:48 IST" duration-ms="1" status="PASS">
          <reporter-output>
          </reporter-output>
        </test-method> <!-- methodTest5 -->
        <test-method signature="methodTest6()[pri:0, instance:TestNgTutorials.TestNgTutorials.attributesInTestNG.GroupAttributeAtClassLevel@402bba4f]" started-at="2024-04-18T07:37:48 IST" name="methodTest6" finished-at="2024-04-18T07:37:48 IST" duration-ms="3" status="PASS">
          <reporter-output>
          </reporter-output>
        </test-method> <!-- methodTest6 -->
        <test-method signature="methodTest7()[pri:0, instance:TestNgTutorials.TestNgTutorials.attributesInTestNG.GroupAttributeAtClassLevel@402bba4f]" started-at="2024-04-18T07:37:48 IST" name="methodTest7" finished-at="2024-04-18T07:37:48 IST" duration-ms="1" status="PASS">
          <reporter-output>
          </reporter-output>
        </test-method> <!-- methodTest7 -->
        <test-method signature="methodTest8()[pri:0, instance:TestNgTutorials.TestNgTutorials.attributesInTestNG.GroupAttributeAtClassLevel@402bba4f]" started-at="2024-04-18T07:37:48 IST" name="methodTest8" finished-at="2024-04-18T07:37:48 IST" duration-ms="1" status="PASS">
          <reporter-output>
          </reporter-output>
        </test-method> <!-- methodTest8 -->
        <test-method signature="methodTest9()[pri:0, instance:TestNgTutorials.TestNgTutorials.attributesInTestNG.GroupAttributeAtClassLevel@402bba4f]" started-at="2024-04-18T07:37:48 IST" name="methodTest9" finished-at="2024-04-18T07:37:48 IST" duration-ms="2" status="PASS">
          <reporter-output>
          </reporter-output>
        </test-method> <!-- methodTest9 -->
      </class> <!-- TestNgTutorials.TestNgTutorials.attributesInTestNG.GroupAttributeAtClassLevel -->
    </test> <!-- Test -->
  </suite> <!-- Suite -->
</testng-results>
